0 info it worked if it ends with ok
1 verbose cli [ '/usr/local/bin/node', '/usr/bin/npm', 'run', 'start:dev' ]
2 info using npm@3.10.3
3 info using node@v6.7.0
4 verbose run-script [ 'prestart:dev', 'start:dev', 'poststart:dev' ]
5 info lifecycle App@0.0.1-alpha~prestart:dev: App@0.0.1-alpha
6 silly lifecycle App@0.0.1-alpha~prestart:dev: no script for prestart:dev, continuing
7 info lifecycle App@0.0.1-alpha~start:dev: App@0.0.1-alpha
8 verbose lifecycle App@0.0.1-alpha~start:dev: unsafe-perm in lifecycle true
9 verbose lifecycle App@0.0.1-alpha~start:dev: PATH: /usr/lib/node_modules/npm/bin/node-gyp-bin:/home/kate/WebstormProjects/Weather/node_modules/.bin:/usr/local/bin:/home/kate/bin:/home/kate/bin:/usr/local/sbin:/usr/local/bin:/usr/sbin:/usr/bin:/sbin:/bin:/usr/games:/usr/local/games
10 verbose lifecycle App@0.0.1-alpha~start:dev: CWD: /home/kate/WebstormProjects/Weather
11 silly lifecycle App@0.0.1-alpha~start:dev: Args: [ '-c', 'NODE_ENV=development node server.js' ]
12 silly lifecycle App@0.0.1-alpha~start:dev: Returned: code: 1  signal: null
13 info lifecycle App@0.0.1-alpha~start:dev: Failed to exec start:dev script
14 verbose stack Error: App@0.0.1-alpha start:dev: `NODE_ENV=development node server.js`
14 verbose stack Exit status 1
14 verbose stack     at EventEmitter.<anonymous> (/usr/lib/node_modules/npm/lib/utils/lifecycle.js:242:16)
14 verbose stack     at emitTwo (events.js:106:13)
14 verbose stack     at EventEmitter.emit (events.js:191:7)
14 verbose stack     at ChildProcess.<anonymous> (/usr/lib/node_modules/npm/lib/utils/spawn.js:40:14)
14 verbose stack     at emitTwo (events.js:106:13)
14 verbose stack     at ChildProcess.emit (events.js:191:7)
14 verbose stack     at maybeClose (internal/child_process.js:877:16)
14 verbose stack     at Process.ChildProcess._handle.onexit (internal/child_process.js:226:5)
15 verbose pkgid App@0.0.1-alpha
16 verbose cwd /home/kate/WebstormProjects/Weather
17 error Linux 3.13.0-24-generic
18 error argv "/usr/local/bin/node" "/usr/bin/npm" "run" "start:dev"
19 error node v6.7.0
20 error npm  v3.10.3
21 error code ELIFECYCLE
22 error App@0.0.1-alpha start:dev: `NODE_ENV=development node server.js`
22 error Exit status 1
23 error Failed at the App@0.0.1-alpha start:dev script 'NODE_ENV=development node server.js'.
23 error Make sure you have the latest version of node.js and npm installed.
23 error If you do, this is most likely a problem with the App package,
23 error not with npm itself.
23 error Tell the author that this fails on your system:
23 error     NODE_ENV=development node server.js
23 error You can get information on how to open an issue for this project with:
23 error     npm bugs App
23 error Or if that isn't available, you can get their info via:
23 error     npm owner ls App
23 error There is likely additional logging output above.
24 verbose exit [ 1, true ]
